1593407084365	mozrunner::runner	INFO	Running command: "C:\\Program Files\\Mozilla Firefox\\firefox.exe" "-marionette" "-foreground" "-no-remote" "-profile" "C:\\Users\\Admin\\AppData\\Local\\Temp\\rust_mozprofilesa35Gv"
JavaScript error: resource://gre/modules/XULStore.jsm, line 66: Error: Can't find profile directory.
1593407087105	Marionette	INFO	Listening on port 57521
1593407087481	Marionette	WARN	TLS certificate errors will be ignored for this session
1593407380567	Marionette	INFO	Stopped listening on port 57521

###!!! [Child][RunMessage] Error: Channel closing: too late to send/recv, messages will be lost


###!!! [Child][MessageChannel::SendAndWait] Error: Channel error: cannot send/recv

1593407386555	mozrunner::runner	INFO	Running command: "C:\\Program Files\\Mozilla Firefox\\firefox.exe" "-marionette" "-foreground" "-no-remote" "-profile" "C:\\Users\\Admin\\AppData\\Local\\Temp\\rust_mozprofileYqOH4A"
JavaScript error: resource://gre/modules/XULStore.jsm, line 66: Error: Can't find profile directory.
1593407389012	Marionette	INFO	Listening on port 57627
1593407389171	Marionette	WARN	TLS certificate errors will be ignored for this session
1593407447621	Marionette	INFO	Stopped listening on port 57627

###!!! [Child][RunMessage] Error: Channel closing: too late to send/recv, messages will be lost


###!!! [Child][MessageChannel::SendAndWait] Error: Channel error: cannot send/recv

1593407461747	mozrunner::runner	INFO	Running command: "C:\\Program Files\\Mozilla Firefox\\firefox.exe" "-marionette" "-foreground" "-no-remote" "-profile" "C:\\Users\\Admin\\AppData\\Local\\Temp\\rust_mozprofiletSUUGX"
JavaScript error: resource://gre/modules/XULStore.jsm, line 66: Error: Can't find profile directory.
1593407464319	Marionette	INFO	Listening on port 57712
1593407464376	Marionette	WARN	TLS certificate errors will be ignored for this session
1593407896882	Marionette	INFO	Stopped listening on port 57712

###!!! [Child][RunMessage] Error: Channel closing: too late to send/recv, messages will be lost


###!!! [Child][MessageChannel::SendAndWait] Error: Channel error: cannot send/recv

1593410970656	mozrunner::runner	INFO	Running command: "C:\\Program Files\\Mozilla Firefox\\firefox.exe" "-marionette" "-foreground" "-no-remote" "-profile" "C:\\Users\\Admin\\AppData\\Local\\Temp\\rust_mozprofiletqVA0o"
1593410972771	Marionette	INFO	Listening on port 58120
1593410973268	Marionette	WARN	TLS certificate errors will be ignored for this session
1593411013927	Marionette	INFO	Stopped listening on port 58120
1593411106476	mozrunner::runner	INFO	Running command: "C:\\Program Files\\Mozilla Firefox\\firefox.exe" "-marionette" "-foreground" "-no-remote" "-profile" "C:\\Users\\Admin\\AppData\\Local\\Temp\\rust_mozprofileMBZo46"
JavaScript error: resource://gre/modules/XULStore.jsm, line 66: Error: Can't find profile directory.
1593411109003	Marionette	INFO	Listening on port 58218
1593411109090	Marionette	WARN	TLS certificate errors will be ignored for this session
1593411155899	Marionette	INFO	Stopped listening on port 58218

###!!! [Child][RunMessage] Error: Channel closing: too late to send/recv, messages will be lost


###!!! [Child][MessageChannel::SendAndWait] Error: Channel error: cannot send/recv

1593411159742	mozrunner::runner	INFO	Running command: "C:\\Program Files\\Mozilla Firefox\\firefox.exe" "-marionette" "-foreground" "-no-remote" "-profile" "C:\\Users\\Admin\\AppData\\Local\\Temp\\rust_mozprofileP5dtgj"
JavaScript error: resource://gre/modules/XULStore.jsm, line 66: Error: Can't find profile directory.
1593411162485	Marionette	INFO	Listening on port 58306
1593411162859	Marionette	WARN	TLS certificate errors will be ignored for this session
1593411321029	Marionette	INFO	Stopped listening on port 58306

###!!! [Child][RunMessage] Error: Channel closing: too late to send/recv, messages will be lost


###!!! [Child][MessageChannel::SendAndWait] Error: Channel error: cannot send/recv

1593411327656	mozrunner::runner	INFO	Running command: "C:\\Program Files\\Mozilla Firefox\\firefox.exe" "-marionette" "-foreground" "-no-remote" "-profile" "C:\\Users\\Admin\\AppData\\Local\\Temp\\rust_mozprofile3hTNwm"
JavaScript error: resource://gre/modules/XULStore.jsm, line 66: Error: Can't find profile directory.
1593411330243	Marionette	INFO	Listening on port 58430
1593411330272	Marionette	WARN	TLS certificate errors will be ignored for this session
1593411361001	Marionette	INFO	Stopped listening on port 58430

###!!! [Child][MessageChannel::SendAndWait] Error: Channel error: cannot send/recv

